
1;199,9
1;199,8
1;199,7
0,999999;199,6
0,999999;199,5
0,999999;199,4
0,999999;199,3
0,999998;199,2
0,999998;199,1
0,999998;199
0,999997;198,9
0,999997;198,8
0,999997;198,7
0,999997;198,6
0,999996;198,5
0,999996;198,4
0,999996;198,3
0,999996;198,2
0,999995;198,1
0,999995;198
0,999995;197,9
0,999995;197,8
0,999994;197,7
0,999994;197,6
0,999994;197,5
0,999994;197,4
0,999993;197,3
0,999993;197,2
0,999993;197,1
0,999993;197
0,999992;196,9
0,999992;196,8
0,999992;196,7
0,999992;196,6
0,999991;196,5
0,999991;196,4
0,999991;196,3
0,999991;196,2
0,99999;196,1
0,99999;196
0,99999;195,9
0,99999;195,8
0,999989;195,7
0,999989;195,6
0,999989;195,5
0,999988;195,4
0,999988;195,3
0,999988;195,2
0,999988;195,1
0,999987;195
0,999987;194,9
0,999987;194,8
0,999987;194,7
0,999986;194,6
0,999986;194,5
0,999986;194,4
0,999986;194,3
0,999985;194,2
0,999985;194,1
0,999985;194
0,999985;193,9
0,999984;193,8
0,999984;193,7
0,999984;193,6
0,999983;193,5
0,999983;193,4
0,999983;193,3
0,999983;193,2
0,999982;193,1
0,999982;193
0,999982;192,9
0,999982;192,8
0,999981;192,7
0,999981;192,6
0,999981;192,5
0,999981;192,4
0,99998;192,3
0,99998;192,2
0,99998;192,1
0,999979;192
0,999979;191,9
0,999979;191,8
0,999979;191,7
0,999978;191,6
0,999978;191,5
0,999978;191,4
0,999978;191,3
0,999977;191,2
0,999977;191,1
0,999977;191
0,999976;190,9
0,999976;190,8
0,999976;190,7
0,999976;190,6
0,999975;190,5
0,999975;190,4
0,999975;190,3
0,999975;190,2
0,999974;190,1
0,999974;190
0,999974;189,9
0,999973;189,8
0,999973;189,7
0,999973;189,6
0,999973;189,5
0,999972;189,4
0,999972;189,3
0,999972;189,2
0,999971;189,1
0,999971;189
0,999971;188,9
0,999971;188,8
0,99997;188,7
0,99997;188,6
0,99997;188,5
0,999969;188,4
0,999969;188,3
0,999969;188,2
0,999969;188,1
0,999968;188
0,999968;187,9
0,999968;187,8
0,999967;187,7
0,999967;187,6
0,999967;187,5
0,999967;187,4
0,999966;187,3
0,999966;187,2
0,999966;187,1
0,999966;187
0,999965;186,9
0,999965;186,8
0,999965;186,7
0,999964;186,6
0,999964;186,5
0,999964;186,4
0,999963;186,3
0,999963;186,2
0,999963;186,1
0,999963;186
0,999962;185,9
0,999962;185,8
0,999962;185,7
0,999961;185,6
0,999961;185,5
0,999961;185,4
0,999961;185,3
0,99996;185,2
0,99996;185,1
0,99996;185
0,999959;184,9
0,999959;184,8
0,999959;184,7
0,999959;184,6
0,999958;184,5
0,999958;184,4
0,999958;184,3
0,999957;184,2
0,999957;184,1
0,999957;184
0,999956;183,9
0,999956;183,8
0,999956;183,7
0,999956;183,6
0,999955;183,5
0,999955;183,4
0,999955;183,3
0,999954;183,2
0,999954;183,1
0,999954;183
0,999954;182,9
0,999953;182,8
0,999953;182,7
0,999953;182,6
0,999952;182,5
0,999952;182,4
0,999952;182,3
0,999951;182,2
0,999951;182,1
0,999951;182
0,999951;181,9
0,99995;181,8
0,99995;181,7
0,99995;181,6
0,999949;181,5
0,999949;181,4
0,999949;181,3
0,999948;181,2
0,999948;181,1
0,999948;181
0,999947;180,9
0,999947;180,8
0,999947;180,7
0,999947;180,6
0,999946;180,5
0,999946;180,4
0,999946;180,3
0,999945;180,2
0,999945;180,1
0,999945;180
0,999944;179,9
0,999944;179,8
0,999944;179,7
0,999943;179,6
0,999943;179,5
0,999943;179,4
0,999943;179,3
0,999942;179,2
0,999942;179,1
0,999942;179
0,999941;178,9
0,999941;178,8
0,999941;178,7
0,99994;178,6
0,99994;178,5
0,99994;178,4
0,999939;178,3
0,999939;178,2
0,999939;178,1
0,999938;178
0,999938;177,9
0,999938;177,8
0,999938;177,7
0,999937;177,6
0,999937;177,5
0,999937;177,4
0,999936;177,3
0,999936;177,2
0,999936;177,1
0,999935;177
0,999935;176,9
0,999935;176,8
0,999934;176,7
0,999934;176,6
0,999934;176,5
0,999933;176,4
0,999933;176,3
0,999933;176,2
0,999932;176,1
0,999932;176
0,999932;175,9
0,999931;175,8
0,999931;175,7
0,999931;175,6
0,999931;175,5
0,99993;175,4
0,99993;175,3
0,999929;175,2
0,999929;175,1
0,999929;175
0,999929;174,9
0,999928;174,8
0,999928;174,7
0,999928;174,6
0,999927;174,5
0,999927;174,4
0,999927;174,3
0,999926;174,2
0,999926;174,1
0,999926;174
0,999925;173,9
0,999925;173,8
0,999925;173,7
0,999924;173,6
0,999924;173,5
0,999924;173,4
0,999923;173,3
0,999923;173,2
0,999923;173,1
0,999922;173
0,999922;172,9
0,999922;172,8
0,999921;172,7
0,999921;172,6
0,999921;172,5
0,99992;172,4
0,99992;172,3
0,99992;172,2
0,999919;172,1
0,999919;172
0,999919;171,9
0,999918;171,8
0,999918;171,7
0,999918;171,6
0,999917;171,5
0,999917;171,4
0,999916;171,3
0,999916;171,2
0,999916;171,1
0,999916;171
0,999915;170,9
0,999915;170,8
0,999914;170,7
0,999914;170,6
0,999914;170,5
0,999913;170,4
0,999913;170,3
0,999913;170,2
0,999912;170,1
0,999912;170
0,999912;169,9
0,999911;169,8
0,999911;169,7
0,999911;169,6
0,99991;169,5
0,99991;169,4
0,99991;169,3
0,999909;169,2
0,999909;169,1
0,999909;169
0,999908;168,9
0,999908;168,8
0,999908;168,7
0,999907;168,6
0,999907;168,5
0,999906;168,4
0,999906;168,3
0,999906;168,2
0,999905;168,1
0,999905;168
0,999905;167,9
0,999904;167,8
0,999904;167,7
0,999904;167,6
0,999903;167,5
0,999903;167,4
0,999903;167,3
0,999902;167,2
0,999902;167,1
0,999902;167
0,999901;166,9
0,999901;166,8
0,9999;166,7
0,9999;166,6
0,9999;166,5
0,999899;166,4
0,999899;166,3
0,999899;166,2
0,999898;166,1
0,999898;166
0,999898;165,9
0,999897;165,8
0,999897;165,7
0,999896;165,6
0,999896;165,5
0,999896;165,4
0,999895;165,3
0,999895;165,2
0,999895;165,1
0,999894;165
0,999894;164,9
0,999894;164,8
0,999893;164,7
0,999893;164,6
0,999892;164,5
0,999892;164,4
0,999892;164,3
0,999891;164,2
0,999891;164,1
0,999891;164
0,99989;163,9
0,99989;163,8
0,999889;163,7
0,999889;163,6
0,999889;163,5
0,999888;163,4
0,999888;163,3
0,999888;163,2
0,999887;163,1
0,999887;163
0,999886;162,9
0,999886;162,8
0,999886;162,7
0,999885;162,6
0,999885;162,5
0,999885;162,4
0,999884;162,3
0,999884;162,2
0,999883;162,1
0,999883;162
0,999883;161,9
0,999882;161,8
0,999882;161,7
0,999882;161,6
0,999881;161,5
0,999881;161,4
0,99988;161,3
0,99988;161,2
0,99988;161,1
0,999879;161
0,999879;160,9
0,999878;160,8
0,999878;160,7
0,999878;160,6
0,999877;160,5
0,999877;160,4
0,999876;160,3
0,999876;160,2
0,999876;160,1
0,999875;160
0,999875;159,9
0,999875;159,8
0,999874;159,7
0,999874;159,6
0,999873;159,5
0,999873;159,4
0,999873;159,3
0,999872;159,2
0,999872;159,1
0,999871;159
0,999871;158,9
0,999871;158,8
0,99987;158,7
0,99987;158,6
0,999869;158,5
0,999869;158,4
0,999869;158,3
0,999868;158,2
0,999868;158,1
0,999867;158
0,999867;157,9
0,999867;157,8
0,999866;157,7
0,999866;157,6
0,999865;157,5
0,999865;157,4
0,999865;157,3
0,999864;157,2
0,999864;157,1
0,999863;157
0,999863;156,9
0,999863;156,8
0,999862;156,7
0,999862;156,6
0,999861;156,5
0,999861;156,4
0,999861;156,3
0,99986;156,2
0,99986;156,1
0,999859;156
0,999859;155,9
0,999858;155,8
0,999858;155,7
0,999858;155,6
0,999857;155,5
0,999857;155,4
0,999856;155,3
0,999856;155,2
0,999856;155,1
0,999855;155
0,999855;154,9
0,999854;154,8
0,999854;154,7
0,999854;154,6
0,999853;154,5
0,999853;154,4
0,999852;154,3
0,999852;154,2
0,999851;154,1
0,999851;154
0,999851;153,9
0,99985;153,8
0,99985;153,7
0,999849;153,6
0,999849;153,5
0,999848;153,4
0,999848;153,3
0,999848;153,2
0,999847;153,1
0,999847;153
0,999846;152,9
0,999846;152,8
0,999845;152,7
0,999845;152,6
0,999845;152,5
0,999844;152,4
0,999844;152,3
0,999843;152,2
0,999843;152,1
0,999842;152
0,999842;151,9
0,999842;151,8
0,999841;151,7
0,999841;151,6
0,99984;151,5
0,99984;151,4
0,999839;151,3
0,999839;151,2
0,999839;151,1
0,999838;151
0,999838;150,9
0,999837;150,8
0,999837;150,7
0,999836;150,6
0,999836;150,5
0,999835;150,4
0,999835;150,3
0,999835;150,2
0,999834;150,1
0,999834;150
0,999833;149,9
0,999833;149,8
0,999832;149,7
0,999832;149,6
0,999831;149,5
0,999831;149,4
0,999831;149,3
0,99983;149,2
0,99983;149,1
0,999829;149
0,999829;148,9
0,999828;148,8
0,999828;148,7
0,999827;148,6
0,999827;148,5
0,999827;148,4
0,999826;148,3
0,999826;148,2
0,999825;148,1
0,999825;148
0,999824;147,9
0,999824;147,8
0,999823;147,7
0,999823;147,6
0,999822;147,5
0,999822;147,4
0,999821;147,3
0,999821;147,2
0,999821;147,1
0,99982;147
0,99982;146,9
0,999819;146,8
0,999819;146,7
0,999818;146,6
0,999818;146,5
0,999817;146,4
0,999817;146,3
0,999816;146,2
0,999816;146,1
0,999815;146
0,999815;145,9
0,999815;145,8
0,999814;145,7
0,999814;145,6
0,999813;145,5
0,999813;145,4
0,999812;145,3
0,999812;145,2
0,999811;145,1
0,999811;145
0,99981;144,9
0,99981;144,8
0,999809;144,7
0,999809;144,6
0,999808;144,5
0,999808;144,4
0,999807;144,3
0,999807;144,2
0,999806;144,1
0,999806;144
0,999805;143,9
0,999805;143,8
0,999804;143,7
0,999804;143,6
0,999803;143,5
0,999803;143,4
0,999803;143,3
0,999802;143,2
0,999802;143,1
0,999801;143
0,999801;142,9
0,9998;142,8
0,9998;142,7
0,999799;142,6
0,999799;142,5
0,999798;142,4
0,999798;142,3
0,999797;142,2
0,999797;142,1
0,999796;142
0,999796;141,9
0,999795;141,8
0,999795;141,7
0,999794;141,6
0,999794;141,5
0,999793;141,4
0,999793;141,3
0,999792;141,2
0,999792;141,1
0,999791;141
0,999791;140,9
0,99979;140,8
0,99979;140,7
0,999789;140,6
0,999789;140,5
0,999788;140,4
0,999788;140,3
0,999787;140,2
0,999787;140,1
0,999786;140
0,999786;139,9
0,999785;139,8
0,999785;139,7
0,999784;139,6
0,999784;139,5
0,999783;139,4
0,999783;139,3
0,999782;139,2
0,999781;139,1
0,999781;139
0,99978;138,9
0,99978;138,8
0,999779;138,7
0,999779;138,6
0,999778;138,5
0,999778;138,4
0,999777;138,3
0,999777;138,2
0,999776;138,1
0,999776;138
0,999775;137,9
0,999775;137,8
0,999774;137,7
0,999774;137,6
0,999773;137,5
0,999773;137,4
0,999772;137,3
0,999772;137,2
0,999771;137,1
0,999771;137
0,99977;136,9
0,999769;136,8
0,999769;136,7
0,999768;136,6
0,999768;136,5
0,999767;136,4
0,999767;136,3
0,999766;136,2
0,999766;136,1
0,999765;136
0,999765;135,9
0,999764;135,8
0,999764;135,7
0,999763;135,6
0,999762;135,5
0,999762;135,4
0,999761;135,3
0,999761;135,2
0,99976;135,1
0,99976;135
0,999759;134,9
0,999759;134,8
0,999758;134,7
0,999758;134,6
0,999757;134,5
0,999756;134,4
0,999756;134,3
0,999755;134,2
0,999755;134,1
0,999754;134
0,999754;133,9
0,999753;133,8
0,999753;133,7
0,999752;133,6
0,999751;133,5
0,999751;133,4
0,99975;133,3
0,99975;133,2
0,999749;133,1
0,999749;133
0,999748;132,9
0,999747;132,8
0,999747;132,7
0,999746;132,6
0,999746;132,5
0,999745;132,4
0,999745;132,3
0,999744;132,2
0,999743;132,1
0,999743;132
0,999742;131,9
0,999742;131,8
0,999741;131,7
0,999741;131,6
0,99974;131,5
0,999739;131,4
0,999739;131,3
0,999738;131,2
0,999738;131,1
0,999737;131
0,999736;130,9
0,999736;130,8
0,999735;130,7
0,999735;130,6
0,999734;130,5
0,999734;130,4
0,999733;130,3
0,999732;130,2
0,999732;130,1
0,999731;130
0,999731;129,9
0,99973;129,8
0,999729;129,701
0,999729;129,601
0,999728;129,501
0,999728;129,401
0,999727;129,301
0,999726;129,201
0,999726;129,101
0,999725;129,001
0,999725;128,901
0,999724;128,801
0,999723;128,701
0,999723;128,601
0,999722;128,501
0,999722;128,401
0,999721;128,301
0,99972;128,201
0,99972;128,101
0,999719;128,001
0,999719;127,901
0,999718;127,801
0,999717;127,701
0,999717;127,601
0,999716;127,501
0,999716;127,401
0,999715;127,301
0,999714;127,201
0,999714;127,101
0,999713;127,001
0,999712;126,901
0,999712;126,801
0,999711;126,701
0,999711;126,601
0,99971;126,501
0,999709;126,401
0,999709;126,301
0,999708;126,201
0,999707;126,101
0,999707;126,001
0,999706;125,901
0,999706;125,801
0,999705;125,701
0,999704;125,601
0,999704;125,501
0,999703;125,401
0,999702;125,301
0,999702;125,201
0,999701;125,101
0,9997;125,001
0,9997;124,901
0,999699;124,801
0,999699;124,701
0,999698;124,601
0,999697;124,501
0,999697;124,401
0,999696;124,301
0,999695;124,201
0,999695;124,101
0,999694;124,001
0,999693;123,901
0,999693;123,801
0,999692;123,701
0,999691;123,601
0,999691;123,501
0,99969;123,401
0,999689;123,301
0,999689;123,201
0,999688;123,101
0,999687;123,001
0,999687;122,901
0,999686;122,801
0,999685;122,701
0,999685;122,601
0,999684;122,501
0,999683;122,401
0,999683;122,301
0,999682;122,201
0,999681;122,101
0,999681;122,001
0,99968;121,901
0,99968;121,801
0,999679;121,701
0,999678;121,601
0,999677;121,501
0,999677;121,401
0,999676;121,301
0,999675;121,201
0,999675;121,101
0,999674;121,001
0,999673;120,901
0,999673;120,801
0,999672;120,701
0,999671;120,601
0,999671;120,501
0,99967;120,401
0,999669;120,301
0,999669;120,201
0,999668;120,101
0,999667;120,001
0,999667;119,901
0,999666;119,801
0,999665;119,701
0,999664;119,601
0,999664;119,501
0,999663;119,401
0,999662;119,301
0,999662;119,201
0,999661;119,101
0,99966;119,001
0,999659;118,901
0,999659;118,801
0,999658;118,701
0,999657;118,601
0,999657;118,501
0,999656;118,401
0,999655;118,301
0,999654;118,201
0,999654;118,101
0,999653;118,001
0,999652;117,901
0,999652;117,801
0,999651;117,701
0,99965;117,601
0,999649;117,501
0,999649;117,401
0,999648;117,301
0,999647;117,201
0,999647;117,101
0,999646;117,001
0,999645;116,901
0,999644;116,801
0,999644;116,701
0,999643;116,601
0,999642;116,501
0,999641;116,401
0,999641;116,301
0,99964;116,201
0,999639;116,101
0,999638;116,001
0,999638;115,901
0,999637;115,801
0,999636;115,701
0,999636;115,601
0,999635;115,501
0,999634;115,401
0,999633;115,301
0,999632;115,201
0,999632;115,101
0,999631;115,001
0,99963;114,901
0,999629;114,801
0,999629;114,701
0,999628;114,601
0,999627;114,501
0,999626;114,401
0,999626;114,301
0,999625;114,201
0,999624;114,101
0,999623;114,001
0,999623;113,901
0,999622;113,801
0,999621;113,701
0,99962;113,601
0,99962;113,501
0,999619;113,401
0,999618;113,301
0,999617;113,201
0,999616;113,101
0,999616;113,001
0,999615;112,901
0,999614;112,801
0,999613;112,701
0,999613;112,601
0,999612;112,501
0,999611;112,401
0,99961;112,301
0,999609;112,201
0,999609;112,101
0,999608;112,001
0,999607;111,901
0,999606;111,801
0,999605;111,701
0,999605;111,601
0,999604;111,501
0,999603;111,401
0,999602;111,301
0,999601;111,201
0,999601;111,101
0,9996;111,001
0,999599;110,901
0,999598;110,801
0,999597;110,701
0,999596;110,601
0,999596;110,501
0,999595;110,401
0,999594;110,301
0,999593;110,201
0,999592;110,101
0,999592;110,001
0,999591;109,901
0,99959;109,801
0,999589;109,701
0,999588;109,601
0,999587;109,501
0,999587;109,401
0,999586;109,301
0,999585;109,201
0,999584;109,101
0,999583;109,001
0,999582;108,901
0,999582;108,801
0,999581;108,701
0,99958;108,601
0,999579;108,501
0,999578;108,401
0,999577;108,301
0,999576;108,201
0,999576;108,101
0,999575;108,001
0,999574;107,901
0,999573;107,801
0,999572;107,701
0,999571;107,601
0,99957;107,501
0,99957;107,401
0,999569;107,301
0,999568;107,201
0,999567;107,101
0,999566;107,001
0,999565;106,901
0,999564;106,801
0,999563;106,701
0,999563;106,601
0,999562;106,501
0,999561;106,401
0,99956;106,301
0,999559;106,201
0,999558;106,101
0,999557;106,001
0,999556;105,901
0,999555;105,801
0,999555;105,701
0,999554;105,601
0,999553;105,501
0,999552;105,401
0,999551;105,301
0,99955;105,201
0,999549;105,101
0,999548;105,001
0,999547;104,901
0,999546;104,801
0,999546;104,701
0,999545;104,601
0,999544;104,501
0,999543;104,401
0,999542;104,301
0,999541;104,201
0,99954;104,101
0,999539;104,001
0,999538;103,901
0,999537;103,801
0,999536;103,701
0,999535;103,601
0,999534;103,501
0,999534;103,401
0,999533;103,301
0,999532;103,201
0,999531;103,101
0,99953;103,001
0,999529;102,901
0,999528;102,801
0,999527;102,701
0,999526;102,601
0,999525;102,501
0,999524;102,401
0,999523;102,301
0,999522;102,201
0,999521;102,101
0,99952;102,001
0,999519;101,901
0,999518;101,801
0,999517;101,701
0,999516;101,601
0,999515;101,501
0,999515;101,401
0,999514;101,301
0,999513;101,201
0,999512;101,101
0,999511;101,001
0,99951;100,901
0,999509;100,801
0,999508;100,701
0,999507;100,601
0,999506;100,501
0,999505;100,401
0,999504;100,301
0,999503;100,201
0,999502;100,101
0,999501;100,001
0,9995;99,901
0,999499;99,801
0,999498;99,701
0,999497;99,601
0,999496;99,501
0,999495;99,401
0,999494;99,301
0,999493;99,201
0,999492;99,101
0,999491;99,001
0,99949;98,901
0,999489;98,801
0,999488;98,701
0,999487;98,601
0,999485;98,501
0,999484;98,401
0,999483;98,301
0,999482;98,201
0,999481;98,101
0,99948;98,001
0,999479;97,901
0,999478;97,801
0,999477;97,701
0,999476;97,601
0,999475;97,501
0,999474;97,401
0,999473;97,301
0,999472;97,201
0,999471;97,101
0,99947;97,001
0,999469;96,901
0,999468;96,801
0,999467;96,701
0,999466;96,601
0,999465;96,501
0,999463;96,401
0,999462;96,301
0,999461;96,201
0,99946;96,101
0,999459;96,001
0,999458;95,901
0,999457;95,801
0,999456;95,701
0,999455;95,601
0,999454;95,501
0,999453;95,401
0,999452;95,301
0,99945;95,201
0,999449;95,101
0,999448;95,001
0,999447;94,901
0,999446;94,801
0,999445;94,701
0,999444;94,601
0,999443;94,501
0,999442;94,401
0,99944;94,301
0,999439;94,201
0,999438;94,101
0,999437;94,001
0,999436;93,901
0,999435;93,801
0,999434;93,701
0,999432;93,6011
0,999431;93,5011
0,99943;93,4011
0,999429;93,3011
0,999428;93,2011
0,999427;93,1011
0,999426;93,0011
0,999424;92,9011
0,999423;92,8011
0,999422;92,7011
0,999421;92,6011
0,99942;92,5011
0,999419;92,4011
0,999417;92,3011
0,999416;92,2011
0,999415;92,1011
0,999414;92,0011
0,999413;91,9011
0,999412;91,8011
0,99941;91,7011
0,999409;91,6011
0,999408;91,5011
0,999407;91,4011
0,999406;91,3011
0,999404;91,2011
0,999403;91,1011
0,999402;91,0011
0,999401;90,9011
0,9994;90,8011
0,999398;90,7011
0,999397;90,6011
0,999396;90,5011
0,999395;90,4011
0,999393;90,3011
0,999392;90,2011
0,999391;90,1011
0,99939;90,0011
0,999389;89,9011
0,999387;89,8011
0,999386;89,7011
0,999385;89,6011
0,999384;89,5011
0,999382;89,4011
0,999381;89,3011
0,99938;89,2011
0,999379;89,1011
0,999377;89,0011
0,999376;88,9011
0,999375;88,8011
0,999374;88,7011
0,999372;88,6011
0,999371;88,5011
0,99937;88,4011
0,999368;88,3011
0,999367;88,2011
0,999366;88,1011
0,999365;88,0011
0,999363;87,9011
0,999362;87,8011
0,999361;87,7011
0,999359;87,6011
0,999358;87,5011
0,999357;87,4011
0,999355;87,3011
0,999354;87,2011
0,999353;87,1012
0,999352;87,0012
0,99935;86,9012
0,999349;86,8012
0,999348;86,7012
0,999346;86,6012
0,999345;86,5012
0,999344;86,4012
0,999342;86,3012
0,999341;86,2012
0,99934;86,1012
0,999338;86,0012
0,999337;85,9012
0,999336;85,8012
0,999334;85,7012
0,999333;85,6012
0,999331;85,5012
0,99933;85,4012
0,999329;85,3012
0,999327;85,2012
0,999326;85,1012
0,999325;85,0012
0,999323;84,9012
0,999322;84,8012
0,99932;84,7012
0,999319;84,6012
0,999318;84,5012
0,999316;84,4012
0,999315;84,3012
0,999313;84,2012
0,999312;84,1012
0,999311;84,0012
0,999309;83,9012
0,999308;83,8012
0,999306;83,7012
0,999305;83,6012
0,999303;83,5012
0,999302;83,4012
0,999301;83,3012
0,999299;83,2012
0,999298;83,1012
0,999296;83,0012
0,999295;82,9012
0,999293;82,8012
0,999292;82,7012
0,99929;82,6012
0,999289;82,5012
0,999287;82,4012
0,999286;82,3012
0,999285;82,2012
0,999283;82,1012
0,999282;82,0012
0,99928;81,9012
0,999279;81,8012
0,999277;81,7012
0,999276;81,6012
0,999274;81,5012
0,999273;81,4012
0,999271;81,3012
0,99927;81,2012
0,999268;81,1012
0,999267;81,0012
0,999265;80,9012
0,999264;80,8012
0,999262;80,7012
0,99926;80,6012
0,999259;80,5013
0,999257;80,4013
0,999256;80,3013
0,999254;80,2013
0,999253;80,1013
0,999251;80,0013
0,99925;79,9013
0,999248;79,8013
0,999246;79,7013
0,999245;79,6013
0,999243;79,5013
0,999242;79,4013
0,99924;79,3013
0,999239;79,2013
0,999237;79,1013
0,999235;79,0013
0,999234;78,9013
0,999232;78,8013
0,999231;78,7013
0,999229;78,6013
0,999227;78,5013
0,999226;78,4013
0,999224;78,3013
0,999222;78,2013
0,999221;78,1013
0,999219;78,0013
0,999218;77,9013
0,999216;77,8013
0,999214;77,7013
0,999213;77,6013
0,999211;77,5013
0,999209;77,4013
0,999208;77,3013
0,999206;77,2013
0,999204;77,1013
0,999203;77,0013
0,999201;76,9013
0,999199;76,8013
0,999198;76,7013
0,999196;76,6013
0,999194;76,5013
0,999192;76,4013
0,999191;76,3013
0,999189;76,2013
0,999187;76,1013
0,999186;76,0013
0,999184;75,9013
0,999182;75,8013
0,99918;75,7013
0,999179;75,6013
0,999177;75,5013
0,999175;75,4013
0,999173;75,3013
0,999172;75,2013
0,99917;75,1013
0,999168;75,0013
0,999166;74,9013
0,999164;74,8013
0,999163;74,7013
0,999161;74,6013
0,999159;74,5013
0,999157;74,4013
0,999155;74,3013
0,999154;74,2013
0,999152;74,1013
0,99915;74,0014
0,999148;73,9014
0,999146;73,8014
0,999145;73,7014
0,999143;73,6014
0,999141;73,5014
0,999139;73,4014
0,999137;73,3014
0,999135;73,2014
0,999133;73,1014
0,999132;73,0014
0,99913;72,9014
0,999128;72,8014
0,999126;72,7014
0,999124;72,6014
0,999122;72,5014
0,99912;72,4014
0,999118;72,3014
0,999116;72,2014
0,999115;72,1014
0,999113;72,0014
0,999111;71,9014
0,999109;71,8014
0,999107;71,7014
0,999105;71,6014
0,999103;71,5014
0,999101;71,4014
0,999099;71,3013
0,999097;71,2013
0,999095;71,1013
0,999093;71,0013
0,999091;70,9013
0,999089;70,8013
0,999087;70,7013
0,999085;70,6013
0,999083;70,5013
0,999081;70,4013
0,999079;70,3013
0,999077;70,2013
0,999075;70,1013
0,999073;70,0013
0,999071;69,9013
0,999069;69,8013
0,999067;69,7012
0,999065;69,6012
0,999063;69,5012
0,999061;69,4012
0,999059;69,3012
0,999057;69,2012
0,999054;69,1012
0,999052;69,0012
0,99905;68,9012
0,999048;68,8012
0,999046;68,7012
0,999044;68,6012
0,999042;68,5012
0,99904;68,4012
0,999038;68,3012
0,999035;68,2012
0,999033;68,1012
0,999031;68,0011
0,999029;67,9011
0,999027;67,8011
0,999025;67,7011
0,999022;67,6011
0,99902;67,5011
0,999018;67,4011
0,999016;67,3011
0,999014;67,2011
0,999011;67,1011
0,999009;67,0011
0,999007;66,9011
0,999005;66,8011
0,999002;66,7011
0,999;66,6011
0,998998;66,5011
0,998996;66,401
0,998993;66,301
0,998991;66,201
0,998989;66,101
0,998987;66,001
0,998984;65,901
0,998982;65,801
0,99898;65,701
0,998977;65,601
0,998975;65,501
0,998973;65,401
0,99897;65,301
0,998968;65,201
0,998966;65,101
0,998963;65,001
0,998961;64,901
0,998959;64,8009
0,998956;64,7009
0,998954;64,6009
0,998951;64,5009
0,998949;64,4009
0,998947;64,3009
0,998944;64,2009
0,998942;64,1009
0,998939;64,0009
0,998937;63,9009
0,998935;63,8009
0,998932;63,7009
0,99893;63,6009
0,998927;63,5009
0,998925;63,4009
0,998922;63,3009
0,99892;63,2009
0,998917;63,1008
0,998915;63,0008
0,998912;62,9008
0,99891;62,8008
0,998907;62,7008
0,998905;62,6008
0,998902;62,5008
0,998899;62,4008
0,998897;62,3008
0,998894;62,2008
0,998892;62,1008
0,998889;62,0008
0,998886;61,9008
0,998884;61,8008
0,998881;61,7008
0,998879;61,6008
0,998876;61,5007
0,998873;61,4007
0,998871;61,3007
0,998868;61,2007
0,998865;61,1007
0,998863;61,0007
0,99886;60,9007
0,998857;60,8007
0,998855;60,7007
0,998852;60,6007
0,998849;60,5007
0,998847;60,4007
0,998844;60,3007
0,998841;60,2007
0,998838;60,1007
0,998836;60,0007
0,998833;59,9007
0,99883;59,8006
0,998827;59,7006
0,998824;59,6006
0,998822;59,5006
0,998819;59,4006
0,998816;59,3006
0,998813;59,2006
0,99881;59,1006
0,998807;59,0006
0,998805;58,9006
0,998802;58,8006
0,998799;58,7006
0,998796;58,6006
0,998793;58,5006
0,99879;58,4006
0,998787;58,3006
0,998784;58,2005
0,998781;58,1005
0,998778;58,0005
0,998775;57,9005
0,998772;57,8005
0,998769;57,7005
0,998766;57,6005
0,998763;57,5005
0,99876;57,4005
0,998757;57,3005
0,998754;57,2005
0,998751;57,1005
0,998748;57,0005
0,998745;56,9005
0,998742;56,8005
0,998739;56,7005
0,998736;56,6004
0,998733;56,5004
0,998729;56,4004
0,998726;56,3004
0,998723;56,2004
0,99872;56,1004
0,998717;56,0004
0,998714;55,9004
0,99871;55,8004
0,998707;55,7004
0,998704;55,6004
0,998701;55,5004
0,998698;55,4004
0,998694;55,3004
0,998691;55,2004
0,998688;55,1004
0,998684;55,0004
0,998681;54,9003
0,998678;54,8003
0,998674;54,7003
0,998671;54,6003
0,998668;54,5003
0,998664;54,4003
0,998661;54,3003
0,998658;54,2003
0,998654;54,1003
0,998651;54,0003
0,998647;53,9003
0,998644;53,8003
0,998641;53,7003
0,998637;53,6003
0,998634;53,5003
0,99863;53,4003
0,998627;53,3002
0,998623;53,2002
0,99862;53,1002
0,998616;53,0002
0,998612;52,9002
0,998609;52,8002
0,998605;52,7002
0,998602;52,6002
0,998598;52,5002
0,998594;52,4002
0,998591;52,3002
0,998587;52,2002
0,998584;52,1002
0,99858;52,0002
0,998576;51,9002
0,998572;51,8002
0,998569;51,7001
0,998565;51,6001
0,998561;51,5001
0,998558;51,4001
0,998554;51,3001
0,99855;51,2001
0,998546;51,1001
0,998542;51,0001
0,998538;50,9001
0,998535;50,8001
0,998531;50,7001
0,998527;50,6001
0,998523;50,5001
0,998519;50,4001
0,998515;50,3001
0,998511;50,2001
0,998507;50,1001
0,998503;50
0,998499;49,9
0,998495;49,8
0,998491;49,7
0,998487;49,6
0,998483;49,5
0,998479;49,4
0,998475;49,3
0,998471;49,2
0,998467;49,1
0,998462;49
0,998458;48,9
0,998454;48,8
0,99845;48,7
0,998446;48,6
0,998442;48,5
0,998437;48,3999
0,998433;48,2999
0,998429;48,1999
0,998424;48,0999
0,99842;47,9999
0,998416;47,8999
0,998412;47,7999
0,998407;47,6999
0,998403;47,5999
0,998398;47,4999
0,998394;47,3999
0,998389;47,2999
0,998385;47,1999
0,998381;47,0999
0,998376;46,9999
0,998372;46,8999
0,998367;46,7999
0,998362;46,6998
0,998358;46,5998
0,998353;46,4998
0,998349;46,3998
0,998344;46,2998
0,998339;46,1998
0,998335;46,0998
0,99833;45,9998
0,998325;45,8998
0,998321;45,7998
0,998316;45,6998
0,998311;45,5998
0,998306;45,4998
0,998301;45,3998
0,998296;45,2998
0,998292;45,1998
0,998287;45,0997
0,998282;44,9997
0,998277;44,8997
0,998272;44,7997
0,998267;44,6997
0,998262;44,5997
0,998257;44,4997
0,998252;44,3997
0,998247;44,2997
0,998242;44,1997
0,998237;44,0997
0,998232;43,9997
0,998226;43,8997
0,998221;43,7997
0,998216;43,6997
0,998211;43,5997
0,998205;43,4996
0,9982;43,3996
0,998195;43,2996
0,99819;43,1996
0,998184;43,0996
0,998179;42,9996
0,998173;42,8996
0,998168;42,7996
0,998163;42,6996
0,998157;42,5996
0,998152;42,4996
0,998146;42,3996
0,99814;42,2996
0,998135;42,1996
0,998129;42,0996
0,998124;41,9996
0,998118;41,8996
0,998112;41,7995
0,998107;41,6995
0,998101;41,5995
0,998095;41,4995
0,998089;41,3995
0,998084;41,2995
0,998078;41,1995
0,998072;41,0995
0,998066;40,9995
0,99806;40,8995
0,998054;40,7995
0,998048;40,6995
0,998042;40,5995
0,998036;40,4995
0,99803;40,3995
0,998024;40,2995
0,998017;40,1994
0,998011;40,0994
0,998005;39,9994
0,997999;39,8994
0,997993;39,7994
0,997986;39,6994
0,99798;39,5994
0,997974;39,4994
0,997967;39,3994
0,997961;39,2994
0,997954;39,1994
0,997948;39,0994
0,997941;38,9994
0,997935;38,8994
0,997928;38,7994
0,997922;38,6994
0,997915;38,5993
0,997908;38,4993
0,997901;38,3993
0,997895;38,2993
0,997888;38,1993
0,997881;38,0993
0,997874;37,9993
0,997867;37,8993
0,99786;37,7993
0,997853;37,6993
0,997846;37,5993
0,997839;37,4993
0,997832;37,3993
0,997825;37,2993
0,997818;37,1993
0,997811;37,0993
0,997803;36,9993
0,997796;36,8992
0,997789;36,7992
0,997781;36,6992
0,997774;36,5992
0,997767;36,4992
0,997759;36,3992
0,997752;36,2992
0,997744;36,1992
0,997736;36,0992
0,997729;35,9992
0,997721;35,8992
0,997713;35,7992
0,997705;35,6992
0,997698;35,5992
0,99769;35,4992
0,997682;35,3992
0,997674;35,2991
0,997666;35,1991
0,997658;35,0991
0,99765;34,9991
0,997642;34,8991
0,997633;34,7991
0,997625;34,6991
0,997617;34,5991
0,997609;34,4991
0,9976;34,3991
0,997592;34,2991
0,997583;34,1991
0,997575;34,0991
0,997566;33,9991
0,997557;33,8991
0,997549;33,7991
0,99754;33,6991
0,997531;33,599
0,997522;33,499
0,997513;33,399
0,997505;33,299
0,997495;33,199
0,997487;33,099
0,997477;32,999
0,997468;32,899
0,997459;32,799
0,99745;32,699
0,99744;32,599
0,997431;32,499
0,997422;32,399
0,997412;32,299
0,997403;32,199
0,997393;32,099
0,997383;31,9989
0,997373;31,8989
0,997364;31,7989
0,997354;31,6989
0,997344;31,5989
0,997334;31,4989
0,997324;31,3989
0,997314;31,2989
0,997304;31,1989
0,997293;31,0989
0,997283;30,9989
0,997273;30,8989
0,997262;30,7989
0,997252;30,6989
0,997241;30,5989
0,99723;30,4989
0,99722;30,3988
0,997209;30,2988
0,997198;30,1988
0,997187;30,0988
0,997176;29,9988
0,997165;29,8988
0,997154;29,7988
0,997143;29,6988
0,997131;29,5988
0,99712;29,4988
0,997108;29,3988
0,997097;29,2988
0,997085;29,1988
0,997074;29,0988
0,997062;28,9988
0,99705;28,8988
0,997038;28,7988
0,997026;28,6987
0,997014;28,5987
0,997002;28,4987
0,99699;28,3987
0,996977;28,2987
0,996965;28,1987
0,996952;28,0987
0,996939;27,9987
0,996927;27,8987
0,996914;27,7987
0,996901;27,6987
0,996888;27,5987
0,996875;27,4987
0,996862;27,3987
0,996848;27,2987
0,996835;27,1987
0,996822;27,0986
0,996808;26,9986
0,996794;26,8986
0,996781;26,7986
0,996767;26,6986
0,996753;26,5986
0,996739;26,4986
0,996724;26,3986
0,99671;26,2986
0,996696;26,1986
0,996681;26,0986
0,996667;25,9986
0,996652;25,8986
0,996637;25,7986
0,996622;25,6986
0,996607;25,5986
0,996592;25,4986
0,996576;25,3985
0,996561;25,2985
0,996545;25,1985
0,99653;25,0985
0,996514;24,9985
0,996498;24,8985
0,996482;24,7985
0,996466;24,6985
0,996449;24,5985
0,996433;24,4985
0,996416;24,3985
0,9964;24,2985
0,996383;24,1985
0,996366;24,0985
0,996348;23,9985
0,996331;23,8985
0,996314;23,7984
0,996296;23,6984
0,996278;23,5984
0,99626;23,4984
0,996243;23,3984
0,996224;23,2984
0,996206;23,1984
0,996187;23,0984
0,996169;22,9984
0,99615;22,8984
0,996131;22,7984
0,996112;22,6984
0,996092;22,5984
0,996073;22,4984
0,996053;22,3984
0,996033;22,2984
0,996013;22,1983
0,995993;22,0983
0,995973;21,9983
0,995952;21,8983
0,995931;21,7983
0,99591;21,6983
0,995889;21,5983
0,995868;21,4983
0,995846;21,3983
0,995825;21,2983
0,995802;21,1983
0,99578;21,0983
0,995758;20,9983
0,995736;20,8983
0,995713;20,7983
0,99569;20,6983
0,995666;20,5983
0,995643;20,4982
0,995619;20,3982
0,995595;20,2982
0,995571;20,1982
0,995547;20,0982
0,995522;19,9982
0,995497;19,8982
0,995472;19,7982
0,995447;19,6982
0,995421;19,5982
0,995395;19,4982
0,995369;19,3982
0,995342;19,2982
0,995316;19,1982
0,995289;19,0982
0,995261;18,9982
0,995234;18,8981
0,995206;18,7981
0,995178;18,6981
0,995149;18,5981
0,99512;18,4981
0,995091;18,3981
0,995062;18,2981
0,995032;18,1981
0,995002;18,0981
0,994972;17,9981
0,994941;17,8981
0,99491;17,7981
0,994879;17,6981
0,994847;17,5981
0,994815;17,4981
0,994782;17,3981
0,99475;17,298
0,994716;17,198
0,994683;17,098
0,994649;16,998
0,994614;16,898
0,994579;16,798
0,994544;16,698
0,994508;16,598
0,994472;16,498
0,994436;16,398
0,994399;16,298
0,994362;16,198
0,994323;16,098
0,994285;15,998
0,994246;15,898
0,994207;15,798
0,994167;15,698
0,994127;15,5979
0,994086;15,4979
0,994044;15,3979
0,994003;15,2979
0,99396;15,1979
0,993917;15,0979
0,993873;14,9979
0,993829;14,8979
0,993785;14,7979
0,993739;14,6979
0,993693;14,5979
0,993646;14,4979
0,993599;14,3979
0,993551;14,2979
0,993502;14,1979
0,993453;14,0979
0,993403;13,9978
0,993353;13,8978
0,993301;13,7978
0,993249;13,6978
0,993196;13,5978
0,993143;13,4978
0,993088;13,3978
0,993032;13,2978
0,992976;13,1978
0,992919;13,0978
0,992862;12,9978
0,992803;12,8978
0,992743;12,7978
0,992682;12,6978
0,992621;12,5978
0,992558;12,4978
0,992494;12,3978
0,99243;12,2977
0,992364;12,1977
0,992298;12,0977
0,99223;11,9977
0,992161;11,8977
0,992091;11,7977
0,99202;11,6977
0,991947;11,5977
0,991873;11,4977
0,991798;11,3977
0,991722;11,2977
0,991645;11,1977
0,991565;11,0977
0,991485;10,9977
0,991403;10,8977
0,99132;10,7977
0,991234;10,6976
0,991147;10,5976
0,991059;10,4976
0,990969;10,3976
0,990878;10,2976
0,990784;10,1976
0,990689;10,0976
0,990592;9,9976
0,990492;9,8976
0,990392;9,79759
0,990288;9,69759
0,990183;9,59758
0,990075;9,49757
0,989966;9,39757
0,989854;9,29756
0,98974;9,19756
0,989622;9,09755
0,989502;8,99754
0,98938;8,89754
0,989255;8,79753
0,989128;8,69753
0,988997;8,59752
0,988863;8,49751
0,988726;8,39751
0,988586;8,2975
0,988442;8,19749
0,988295;8,09749
0,988144;7,99748
0,98799;7,89748
0,987832;7,79747
0,987669;7,69746
0,987503;7,59746
0,987331;7,49745
0,987156;7,39745
0,986975;7,29744
0,986789;7,19743
0,986599;7,09743
0,986403;6,99742
0,986202;6,89742
0,985994;6,79741
0,985782;6,6974
0,985561;6,5974
0,985335;6,49739
0,985102;6,39738
0,98486;6,29738
0,984613;6,19737
0,984356;6,09737
0,984092;5,99736
0,983817;5,89735
0,983535;5,79735
0,983242;5,69734
0,98294;5,59734
0,982625;5,49733
0,9823;5,39732
0,981963;5,29732
0,981613;5,19731
0,98125;5,09731
0,980872;4,9973
0,98048;4,89729
0,98007;4,79729
0,979644;4,69728
0,9792;4,59727
0,978736;4,49727
0,978253;4,39726
0,977747;4,29726
0,977218;4,19725
0,976663;4,09724
0,976082;3,99724
0,97547;3,89723
0,974827;3,79723
0,974152;3,69722
0,973438;3,59721
0,972687;3,49721
0,971891;3,3972
0,97105;3,2972
0,970155;3,19719
0,969208;3,09718
0,968196;2,99718
0,967117;2,89717
0,965966;2,79716
0,96473;2,69716
0,963406;2,59715
0,961976;2,49715
0,960435;2,39714
0,958762;2,29713
0,956947;2,19713
0,954963;2,09712
0,95279;1,99712
0,950403;1,89711
0,94776;1,7971
0,944827;1,6971
0,941545;1,59709
0,937856;1,49709
0,933669;1,39708
0,928888;1,29707
0,923364;1,19707
0,916917;1,09706
0,909302;0,997055
0,900151;0,897049
0,888969;0,797043
0,87497;0,697037
0,856967;0,597031
0,832918;0,497025
0,799208;0,397018
0,748497;0,297012
0,663636;0,197006
0,492661;0,0970001
